INFO:template_processor:Detected variables: template = 0, subject = you, scale = dumb, comparator = donkey
WARNING:worse_comparator_generator:No antonyms found for scale dumb
INFO:__main__:Increased step comparator: wild ass
INFO:template_processor:Detected variables: template = 0, subject = you, scale = dumb, comparator = donkey
WARNING:worse_comparator_generator:No antonyms found for scale dumb
INFO:__main__:Increased step comparator: wild ass
INFO:template_processor:Detected variables: template = 0, subject = you, scale = dumb, comparator = donkey
WARNING:worse_comparator_generator:No antonyms found for scale dumb
INFO:__main__:Increased step comparator: wild ass
INFO:template_processor:Detected variables: template = 0, subject = you, scale = dumb, comparator = donkey
WARNING:worse_comparator_generator:No antonyms found for scale dumb
INFO:__main__:Increased step comparator: wild ass
INFO:template_processor:Detected variables: template = 0, subject = you, scale = dumb, comparator = donkey
WARNING:worse_comparator_generator:No antonyms found for scale dumb
INFO:__main__:Increased step comparator: wild ass
INFO:template_processor:Detected variables: template = 0, subject = you, scale = dumb, comparator = donkey
INFO:template_processor:Detected variables: template = 0, subject = you, scale = dumb, comparator = donkey
WARNING:worse_comparator_generator:No antonyms found for scale dumb
INFO:__main__:Increased step comparator: wild ass
INFO:template_processor:Detected variables: template = 0, subject = you, scale = dumb, comparator = donkey
INFO:template_processor:Detected variables: template = 0, subject = you, scale = dumb, comparator = donkey
WARNING:worse_comparator_generator:No antonyms found for scale dumb
INFO:__main__:Increased step comparator: wild ass
INFO:template_processor:Detected variables: template = 0, subject = you, scale = dumb, comparator = donkey
WARNING:__main__:No antonyms found for scale dumb
INFO:template_processor:Detected variables: template = 0, subject = you, scale = dumb, comparator = donkey
WARNING:__main__:No antonyms found for scale dumb
INFO:template_processor:Detected variables: template = 0, subject = you, scale = dumb, comparator = donkey
WARNING:__main__:No antonyms found for scale dumb
INFO:worse_comparator_generator:Encoding anchor words['silent', 'dim', 'mute', 'obtuse', 'dense', 'slow', 'dull', 'dumb', 'speechless']
INFO:worse_comparator_generator:Encoding anchor words['smart', 'cool', 'amazing']
INFO:__main__:Increased step comparator: elephant
INFO:template_processor:Detected variables: template = 0, subject = you, scale = dumb, comparator = donkey
WARNING:__main__:No antonyms found for scale dumb
INFO:template_processor:Detected variables: template = None, subject = , scale = None, comparator = 
INFO:template_processor:Detected variables: template = 0, subject = you, scale = dumb, comparator = donkey
WARNING:__main__:No antonyms found for scale dumb
INFO:template_processor:Detected variables: template = 0, subject = you, scale = dumb, comparator = donkey
WARNING:__main__:No antonyms found for scale dumb
INFO:__main__:Increased step comparator: medallion
INFO:template_processor:Detected variables: template = None, subject = , scale = None, comparator = 
WARNING:worse_comparator_generator:No antonyms found for scale terrible
INFO:template_processor:Detected variables: template = 0, subject = you, scale = dumb, comparator = donkey
WARNING:__main__:No antonyms found for scale dumb
INFO:worse_comparator_generator:Encoding anchor words['slow', 'dull', 'dense', 'dumb', 'obtuse', 'mute', 'dim', 'speechless', 'silent']
INFO:worse_comparator_generator:Encoding anchor words['smart', 'cool', 'amazing']
INFO:__main__:Increased step comparator: e
INFO:template_processor:Detected variables: template = 0, subject = you, scale = dumb, comparator = donkey
WARNING:__main__:No antonyms found for scale dumb
INFO:worse_comparator_generator:Encoding anchor words['dim', 'dumb', 'speechless', 'mute', 'dense', 'slow', 'obtuse', 'dull', 'silent']
INFO:worse_comparator_generator:Encoding anchor words['smart', 'amazing', 'cool']
INFO:__main__:Increased step comparator: e
INFO:template_processor:Detected variables: template = 0, subject = you, scale = dumb, comparator = donkey
WARNING:__main__:No antonyms found for scale dumb
INFO:worse_comparator_generator:Encoding anchor words['dumb', 'slow', 'mute', 'dense', 'silent', 'dim', 'dull', 'speechless', 'obtuse']
INFO:worse_comparator_generator:Encoding anchor words['cool', 'smart', 'amazing']
INFO:__main__:Increased step comparator: elephant
INFO:template_processor:Detected variables: template = 0, subject = you, scale = dumb, comparator = donkey
WARNING:__main__:No antonyms found for scale dumb
INFO:worse_comparator_generator:Encoding anchor words['obtuse', 'mute', 'dumb', 'slow', 'speechless', 'silent', 'dense', 'dim', 'dull']
INFO:worse_comparator_generator:Encoding anchor words['cool', 'amazing', 'smart']
INFO:__main__:Increased step comparator: elephant
INFO:template_processor:Detected variables: template = 0, subject = you, scale = dumb, comparator = donkey
WARNING:__main__:No antonyms found for scale dumb
INFO:worse_comparator_generator:Encoding anchor words['dull', 'dim', 'obtuse', 'dumb', 'slow', 'dense', 'mute', 'speechless', 'silent']
INFO:worse_comparator_generator:Encoding anchor words['amazing', 'cool', 'smart']
INFO:__main__:Increased step comparator: elephant
